[debug] [2022-06-27T04:02:55.647Z] ----------------------------------------------------------------------
[debug] [2022-06-27T04:02:55.649Z] Command:       C:\Program Files\nodejs\node.exe C:\Users\pavan\AppData\Roaming\npm\node_modules\firebase-tools\lib\bin\firebase.js init
[debug] [2022-06-27T04:02:55.649Z] CLI Version:   11.1.0
[debug] [2022-06-27T04:02:55.649Z] Platform:      win32
[debug] [2022-06-27T04:02:55.649Z] Node Version:  v16.13.2
[debug] [2022-06-27T04:02:55.650Z] Time:          Mon Jun 27 2022 09:32:55 GMT+0530 (India Standard Time)
[debug] [2022-06-27T04:02:55.650Z] ----------------------------------------------------------------------
[debug] 
[debug] [2022-06-27T04:02:55.655Z] > command requires scopes: ["email","openid","https://www.googleapis.com/auth/cloudplatformprojects.readonly","https://www.googleapis.com/auth/firebase","https://www.googleapis.com/auth/cloud-platform"]
[debug] [2022-06-27T04:02:55.655Z] > authorizing via signed-in user (pavanjadeja873@gmail.com)
[info] 
     ######## #### ########  ######## ########     ###     ######  ########
     ##        ##  ##     ## ##       ##     ##  ##   ##  ##       ##
     ######    ##  ########  ######   ########  #########  ######  ######
     ##        ##  ##    ##  ##       ##     ## ##     ##       ## ##
     ##       #### ##     ## ######## ########  ##     ##  ######  ########

You're about to initialize a Firebase project in this directory:

  C:\Users\pavan\amazon

[debug] [2022-06-27T05:39:45.712Z] Error: kill ENOSYS
    at process.kill (node:internal/process/per_thread:215:13)
    at process.listener (C:\Users\pavan\AppData\Roaming\npm\node_modules\firebase-tools\node_modules\signal-exit\index.js:95:15)
    at process.emit (node:events:390:28)
[error] 
[error] Error: An unexpected error has occurred.
